[debug] [2022-05-29T05:52:39.942Z] ----------------------------------------------------------------------
[debug] [2022-05-29T05:52:39.944Z] Command:       C:\Program Files\nodejs\node.exe C:\Users\User\AppData\Roaming\npm\node_modules\firebase-tools\lib\bin\firebase.js init
[debug] [2022-05-29T05:52:39.944Z] CLI Version:   10.6.0
[debug] [2022-05-29T05:52:39.944Z] Platform:      win32
[debug] [2022-05-29T05:52:39.945Z] Node Version:  v16.13.1
[debug] [2022-05-29T05:52:39.946Z] Time:          Sun May 29 2022 11:52:39 GMT+0600 (Bangladesh Standard Time)
[debug] [2022-05-29T05:52:39.946Z] ----------------------------------------------------------------------
[debug] 
[debug] [2022-05-29T05:52:39.955Z] > command requires scopes: ["email","openid","https://www.googleapis.com/auth/cloudplatformprojects.readonly","https://www.googleapis.com/auth/firebase","https://www.googleapis.com/auth/cloud-platform"]
[debug] [2022-05-29T05:52:39.955Z] > authorizing via signed-in user (hasan47imam@gmail.com)
[info] 
     ######## #### ########  ######## ########     ###     ######  ########
     ##        ##  ##     ## ##       ##     ##  ##   ##  ##       ##
     ######    ##  ########  ######   ########  #########  ######  ######
     ##        ##  ##    ##  ##       ##     ## ##     ##       ## ##
     ##       #### ##     ## ######## ########  ##     ##  ######  ########

You're about to initialize a Firebase project in this directory:

  C:\projects\assignment 12(Automa)\automa-client-side

Before we get started, keep in mind:

  * You are currently outside your home directory

[info] 
=== Project Setup
[info] 
[info] First, let's associate this project directory with a Firebase project.
[info] You can create multiple project aliases by running firebase use --add, 
[info] but for now we'll just set up a default project.
[info] 
[debug] [2022-05-29T05:53:22.396Z] > refreshing access token with scopes: []
[debug] [2022-05-29T05:53:22.397Z] >>> HTTP REQUEST POST https://www.googleapis.com/oauth2/v3/token  
 <request body omitted>
[debug] [2022-05-29T05:53:47.475Z] Authentication Error: Your credentials are no longer valid. Please run firebase login --reauth

For CI servers and headless environments, generate a new token with firebase login:ci
[debug] [2022-05-29T05:54:41.983Z] FirebaseError: Authentication Error: Your credentials are no longer valid. Please run firebase login --reauth

For CI servers and headless environments, generate a new token with firebase login:ci
    at invalidCredentialError (C:\Users\User\AppData\Roaming\npm\node_modules\firebase-tools\lib\auth.js:145:12)
    at refreshTokens (C:\Users\User\AppData\Roaming\npm\node_modules\firebase-tools\lib\auth.js:485:15)
    at processTicksAndRejections (node:internal/process/task_queues:96:5)
    at async Client.getAccessToken (C:\Users\User\AppData\Roaming\npm\node_modules\firebase-tools\lib\apiv2.js:147:23)
    at async Client.addAuthHeader (C:\Users\User\AppData\Roaming\npm\node_modules\firebase-tools\lib\apiv2.js:138:21)
    at async Client.request (C:\Users\User\AppData\Roaming\npm\node_modules\firebase-tools\lib\apiv2.js:94:34)
    at async getProjectPage (C:\Users\User\AppData\Roaming\npm\node_modules\firebase-tools\lib\management\projects.js:233:17)
    at async getFirebaseProjectPage (C:\Users\User\AppData\Roaming\npm\node_modules\firebase-tools\lib\management\projects.js:250:23)
    at async selectProjectInteractively (C:\Users\User\AppData\Roaming\npm\node_modules\firebase-tools\lib\management\projects.js:95:41)
    at async doSetup (C:\Users\User\AppData\Roaming\npm\node_modules\firebase-tools\lib\init\features\project.js:88:27)
    at async init (C:\Users\User\AppData\Roaming\npm\node_modules\firebase-tools\lib\init\index.js:36:9)
[error] 
[error] Error: Failed to list Firebase projects. See firebase-debug.log for more info.
